<?xml version="1.0" encoding="UTF-8"?>
<testng-results skipped="0" failed="0" ignored="0" total="2" passed="2">
  <reporter-output>
  </reporter-output>
  <suite name="Default suite" duration-ms="5104" started-at="2017-12-09T08:10:39Z" finished-at="2017-12-09T08:10:44Z">
    <groups>
    </groups>
    <test name="Default test" duration-ms="5104" started-at="2017-12-09T08:10:39Z" finished-at="2017-12-09T08:10:44Z">
      <class name="com.API_testing.rest_api_test">
        <test-method status="PASS" signature="setup()[pri:1, instance:com.API_testing.rest_api_test@1375618]" name="setup" duration-ms="2542" started-at="2017-12-09T13:40:39Z" finished-at="2017-12-09T13:40:42Z">
          <reporter-output>
          </reporter-output>
        </test-method> <!-- setup -->
        <test-method status="PASS" signature="getresponse()[pri:2, instance:com.API_testing.rest_api_test@1375618]" name="getresponse" duration-ms="2497" started-at="2017-12-09T13:40:42Z" finished-at="2017-12-09T13:40:44Z">
          <reporter-output>
          </reporter-output>
        </test-method> <!-- getresponse -->
      </class> <!-- com.API_testing.rest_api_test -->
    </test> <!-- Default test -->
  </suite> <!-- Default suite -->
</testng-results>
