<?xml version="1.0" encoding="UTF-8"?>
<testng-results skipped="0" failed="0" total="1" passed="1">
  <reporter-output>
  </reporter-output>
  <suite name="Default suite" duration-ms="13694" started-at="2017-08-13T06:47:59Z" finished-at="2017-08-13T06:48:13Z">
    <groups>
    </groups>
    <test name="Default test" duration-ms="13694" started-at="2017-08-13T06:47:59Z" finished-at="2017-08-13T06:48:13Z">
      <class name="pack_jenkins.guru99_jenkins">
        <test-method status="PASS" signature="beforeTest()[pri:0, instance:pack_jenkins.guru99_jenkins@1baeedf]" name="beforeTest" is-config="true" duration-ms="5513" started-at="2017-08-13T12:17:59Z" finished-at="2017-08-13T12:18:05Z">
          <reporter-output>
          </reporter-output>
        </test-method> <!-- beforeTest -->
        <test-method status="PASS" signature="testEasy()[pri:0, instance:pack_jenkins.guru99_jenkins@1baeedf]" name="testEasy" duration-ms="6983" started-at="2017-08-13T12:18:05Z" finished-at="2017-08-13T12:18:12Z">
          <reporter-output>
          </reporter-output>
        </test-method> <!-- testEasy -->
        <test-method status="PASS" signature="afterTest()[pri:0, instance:pack_jenkins.guru99_jenkins@1baeedf]" name="afterTest" is-config="true" duration-ms="1160" started-at="2017-08-13T12:18:12Z" finished-at="2017-08-13T12:18:13Z">
          <reporter-output>
          </reporter-output>
        </test-method> <!-- afterTest -->
      </class> <!-- pack_jenkins.guru99_jenkins -->
    </test> <!-- Default test -->
  </suite> <!-- Default suite -->
</testng-results>
