<?xml version="1.0" encoding="UTF-8"?>
<testng-results skipped="0" failed="0" ignored="0" total="1" passed="1">
  <reporter-output>
  </reporter-output>
  <suite name="Default suite" duration-ms="52656" started-at="2017-05-14T05:06:41Z" finished-at="2017-05-14T05:07:34Z">
    <groups>
    </groups>
    <test name="Default test" duration-ms="52656" started-at="2017-05-14T05:06:41Z" finished-at="2017-05-14T05:07:34Z">
      <class name="tests.wordpress_login_test">
        <test-method status="PASS" signature="logintowordpress(java.lang.String, java.lang.String)[pri:0, instance:tests.wordpress_login_test@3a8624]" name="logintowordpress" duration-ms="46506" started-at="2017-05-14T10:36:45Z" data-provider="wordpressdata" finished-at="2017-05-14T10:37:32Z">
          <params>
            <param index="0">
              <value>
                <![CDATA[admin1]]>
              </value>
            </param>
            <param index="1">
              <value>
                <![CDATA[demo1]]>
              </value>
            </param>
          </params>
          <reporter-output>
          </reporter-output>
        </test-method> <!-- logintowordpress -->
        <test-method status="PASS" signature="tearDown()[pri:0, instance:tests.wordpress_login_test@3a8624]" name="tearDown" is-config="true" duration-ms="1933" started-at="2017-05-14T10:37:32Z" finished-at="2017-05-14T10:37:34Z">
          <reporter-output>
          </reporter-output>
        </test-method> <!-- tearDown -->
      </class> <!-- tests.wordpress_login_test -->
    </test> <!-- Default test -->
  </suite> <!-- Default suite -->
</testng-results>
