<?xml version="1.0" encoding="UTF-8"?>
<testng-results skipped="0" failed="0" total="1" passed="1">
  <reporter-output>
  </reporter-output>
  <suite name="Default suite" duration-ms="86793" started-at="2017-06-25T05:35:16Z" finished-at="2017-06-25T05:36:43Z">
    <groups>
    </groups>
    <test name="Default test" duration-ms="86793" started-at="2017-06-25T05:35:16Z" finished-at="2017-06-25T05:36:43Z">
      <class name="pom.tests.flightreservation.pom_flight_reservation_test">
        <test-method status="PASS" signature="flight_reservation()[pri:0, instance:pom.tests.flightreservation.pom_flight_reservation_test@be2bc2]" name="flight_reservation" duration-ms="86764" started-at="2017-06-25T11:05:16Z" finished-at="2017-06-25T11:06:43Z">
          <reporter-output>
          </reporter-output>
        </test-method> <!-- flight_reservation -->
      </class> <!-- pom.tests.flightreservation.pom_flight_reservation_test -->
    </test> <!-- Default test -->
  </suite> <!-- Default suite -->
</testng-results>
